0 info it worked if it ends with ok
1 verbose cli [ 'C:\\Program Files\\nodejs\\node.exe',
1 verbose cli   'C:\\Program Files\\nodejs\\node_modules\\npm\\bin\\npm-cli.js',
1 verbose cli   'run',
1 verbose cli   'dev' ]
2 info using npm@3.10.10
3 info using node@v6.10.0
4 verbose run-script [ 'predev', 'dev', 'postdev' ]
5 info lifecycle demo@1.0.0~predev: demo@1.0.0
6 silly lifecycle demo@1.0.0~predev: no script for predev, continuing
7 info lifecycle demo@1.0.0~dev: demo@1.0.0
8 verbose lifecycle demo@1.0.0~dev: unsafe-perm in lifecycle true
9 verbose lifecycle demo@1.0.0~dev: PATH: C:\Program Files\nodejs\node_modules\npm\bin\node-gyp-bin;D:\miaov1\app1\node_modules\.bin;F:\app\Administrator\product\11.2.0\dbhome_1\bin;E:\app\Administrator\product\11.2.0\dbhome_1\bin;F:\java web\jdk\bin;c:\gtk\bin;C:\Program Files\WinRAR;F:\java web\jdk\jdk6.0\bin;C:\Windows\system32;C:\Windows;C:\Windows\System32\Wbem;C:\Windows\System32\WindowsPowerShell\v1.0\;D:\新建文件夹\优化大师\Windows7Master;C:\Progr;m Files (x86)\Intel\OpenCL SDK\2.0\bin\x86;C:\Program Files (x86)\Intel\OpenCL SDK\2.0\bin\x64;C:\Program Files\ThinkPad\Bluetooth Software\;C:\Program Files\ThinkPad\Bluetooth Software\syswow64;F:\java web\jdk\bin;C:\Users\Administrator\AppData\Roaming\npm;F:\xampps\perl\bin\;C:\Progra;C:\Program Files (x86)\MySQL\MySQL Server 5.5\bin;C:\Program Files\nodejs\;F:\javaweb2\mysql\mysql5.5\bin;F:\mongodb\bin;F:\sdk\tools;F:\sdk\platform-tools;F:\javaweb2\java\jdk7\jdk\bin;F:\javaweb2\java\jdk7\jdk\jre\bin;C:\Users\Administrator\AppData\Roaming\npm;F:\vscode\Microsoft VS Code\bin
10 verbose lifecycle demo@1.0.0~dev: CWD: D:\miaov1\app1
11 silly lifecycle demo@1.0.0~dev: Args: [ '/d /s /c', 'nodemon ./app.js' ]
12 silly lifecycle demo@1.0.0~dev: Returned: code: 3221225786  signal: null
13 info lifecycle demo@1.0.0~dev: Failed to exec dev script
14 verbose stack Error: demo@1.0.0 dev: `nodemon ./app.js`
14 verbose stack Exit status 3221225786
14 verbose stack     at EventEmitter.<anonymous> (C:\Program Files\nodejs\node_modules\npm\lib\utils\lifecycle.js:255:16)
14 verbose stack     at emitTwo (events.js:106:13)
14 verbose stack     at EventEmitter.emit (events.js:191:7)
14 verbose stack     at ChildProcess.<anonymous> (C:\Program Files\nodejs\node_modules\npm\lib\utils\spawn.js:40:14)
14 verbose stack     at emitTwo (events.js:106:13)
14 verbose stack     at ChildProcess.emit (events.js:191:7)
14 verbose stack     at maybeClose (internal/child_process.js:877:16)
14 verbose stack     at Process.ChildProcess._handle.onexit (internal/child_process.js:226:5)
15 verbose pkgid demo@1.0.0
16 verbose cwd D:\miaov1\app1
17 error Windows_NT 6.1.7601
18 error argv "C:\\Program Files\\nodejs\\node.exe" "C:\\Program Files\\nodejs\\node_modules\\npm\\bin\\npm-cli.js" "run" "dev"
19 error node v6.10.0
20 error npm  v3.10.10
21 error code ELIFECYCLE
22 error demo@1.0.0 dev: `nodemon ./app.js`
22 error Exit status 3221225786
23 error Failed at the demo@1.0.0 dev script 'nodemon ./app.js'.
23 error Make sure you have the latest version of node.js and npm installed.
23 error If you do, this is most likely a problem with the demo package,
23 error not with npm itself.
23 error Tell the author that this fails on your system:
23 error     nodemon ./app.js
23 error You can get information on how to open an issue for this project with:
23 error     npm bugs demo
23 error Or if that isn't available, you can get their info via:
23 error     npm owner ls demo
23 error There is likely additional logging output above.
24 verbose exit [ 1, true ]
